# JRE version: OpenJDK Runtime Environment Temurin-21.0.12.1+1 (21.0.12.1+1) (build 21.0.12.1+1-LTS)
# Java VM: OpenJDK 64-Bit Server VM Temurin-21.0.12.1+1 (21.0.12.1+1-LTS, mixed mode, sharing, tiered, compressed oops, compressed class ptrs, parallel gc, windows-amd64)
GC Precious Log:
 CardTable entry size: 512
 CPUs: 4 total, 4 available
 Memory: 16211M
 Large Page Support: Disabled
 NUMA Support: Disabled
 Compressed Oops: Enabled (32-bit)
 Alignments: Space 512K, Generation 512K, Heap 2M
 Heap Min Capacity: 100M
 Heap Initial Capacity: 100M
 Heap Max Capacity: 2G
 Pre-touch: Disabled
 Parallel Workers: 4
Heap:
 PSYoungGen      total 12288K, used 3632K [0x00000000d5580000, 0x00000000d6480000, 0x0000000100000000)
  eden space 10240K, 30% used [0x00000000d5580000,0x00000000d588c0e0,0x00000000d5f80000)
  from space 2048K, 25% used [0x00000000d6080000,0x00000000d6100060,0x00000000d6280000)
  to   space 1024K, 0% used [0x00000000d6380000,0x00000000d6380000,0x00000000d6480000)
 ParOldGen       total 110080K, used 85741K [0x0000000080000000, 0x0000000086b80000, 0x00000000d5580000)
  object space 110080K, 77% used [0x0000000080000000,0x00000000853bb7c8,0x0000000086b80000)
 Metaspace       used 84732K, committed 86400K, reserved 1179648K
  class space    used 9005K, committed 9728K, reserved 1048576K
GC Heap History (20 events):
Event: 645.841 GC heap before
{Heap before GC invocations=124 (full 4):
 PSYoungGen      total 10752K, used 10431K [0x00000000d5580000, 0x00000000d6480000, 0x0000000100000000)
  eden space 10240K, 99% used [0x00000000d5580000,0x00000000d5f7ffe8,0x00000000d5f80000)
  from space 512K, 37% used [0x00000000d5f80000,0x00000000d5fb0000,0x00000000d6000000)
  to   space 2048K, 0% used [0x00000000d6280000,0x00000000d6280000,0x00000000d6480000)
 ParOldGen       total 110080K, used 80200K [0x0000000080000000, 0x0000000086b80000, 0x00000000d5580000)
  object space 110080K, 72% used [0x0000000080000000,0x0000000084e520f8,0x0000000086b80000)
 Metaspace       used 84479K, committed 86144K, reserved 1179648K
  class space    used 9001K, committed 9728K, reserved 1048576K
}
Event: 645.842 GC heap after
{Heap after GC invocations=124 (full 4):
 PSYoungGen      total 10752K, used 192K [0x00000000d5580000, 0x00000000d6300000, 0x0000000100000000)
  eden space 10240K, 0% used [0x00000000d5580000,0x00000000d5580000,0x00000000d5f80000)
  from space 512K, 37% used [0x00000000d6280000,0x00000000d62b0000,0x00000000d6300000)
  to   space 512K, 0% used [0x00000000d5f80000,0x00000000d5f80000,0x00000000d6000000)
 ParOldGen       total 110080K, used 80285K [0x0000000080000000, 0x0000000086b80000, 0x00000000d5580000)
  object space 110080K, 72% used [0x0000000080000000,0x0000000084e675d0,0x0000000086b80000)
 Metaspace       used 84479K, committed 86144K, reserved 1179648K
  class space    used 9001K, committed 9728K, reserved 1048576K
}
Event: 646.241 GC heap before
{Heap before GC invocations=125 (full 4):
 PSYoungGen      total 10752K, used 10432K [0x00000000d5580000, 0x00000000d6300000, 0x0000000100000000)
  eden space 10240K, 100% used [0x00000000d5580000,0x00000000d5f80000,0x00000000d5f80000)
  from space 512K, 37% used [0x00000000d6280000,0x00000000d62b0000,0x00000000d6300000)
  to   space 512K, 0% used [0x00000000d5f80000,0x00000000d5f80000,0x00000000d6000000)
 ParOldGen       total 110080K, used 80285K [0x0000000080000000, 0x0000000086b80000, 0x00000000d5580000)
  object space 110080K, 72% used [0x0000000080000000,0x0000000084e675d0,0x0000000086b80000)
 Metaspace       used 84500K, committed 86208K, reserved 1179648K
  class space    used 9001K, committed 9728K, reserved 1048576K
}
Event: 646.242 GC heap after
{Heap after GC invocations=125 (full 4):
 PSYoungGen      total 10752K, used 512K [0x00000000d5580000, 0x00000000d6300000, 0x0000000100000000)
  eden space 10240K, 0% used [0x00000000d5580000,0x00000000d5580000,0x00000000d5f80000)
  from space 512K, 100% used [0x00000000d5f80000,0x00000000d6000000,0x00000000d6000000)
  to   space 1536K, 0% used [0x00000000d6180000,0x00000000d6180000,0x00000000d6300000)
 ParOldGen       total 110080K, used 80893K [0x0000000080000000, 0x0000000086b80000, 0x00000000d5580000)
  object space 110080K, 73% used [0x0000000080000000,0x0000000084eff600,0x0000000086b80000)
 Metaspace       used 84500K, committed 86208K, reserved 1179648K
  class space    used 9001K, committed 9728K, reserved 1048576K
}
Event: 646.748 GC heap before
{Heap before GC invocations=126 (full 4):
 PSYoungGen      total 10752K, used 10752K [0x00000000d5580000, 0x00000000d6300000, 0x0000000100000000)
  eden space 10240K, 100% used [0x00000000d5580000,0x00000000d5f80000,0x00000000d5f80000)
  from space 512K, 100% used [0x00000000d5f80000,0x00000000d6000000,0x00000000d6000000)
  to   space 1536K, 0% used [0x00000000d6180000,0x00000000d6180000,0x00000000d6300000)
 ParOldGen       total 110080K, used 80893K [0x0000000080000000, 0x0000000086b80000, 0x00000000d5580000)
  object space 110080K, 73% used [0x0000000080000000,0x0000000084eff600,0x0000000086b80000)
 Metaspace       used 84522K, committed 86208K, reserved 1179648K
  class space    used 9002K, committed 9728K, reserved 1048576K
}
Event: 646.749 GC heap after
{Heap after GC invocations=126 (full 4):
 PSYoungGen      total 11776K, used 1216K [0x00000000d5580000, 0x00000000d6300000, 0x0000000100000000)
  eden space 10240K, 0% used [0x00000000d5580000,0x00000000d5580000,0x00000000d5f80000)
  from space 1536K, 79% used [0x00000000d6180000,0x00000000d62b0000,0x00000000d6300000)
  to   space 1536K, 0% used [0x00000000d6000000,0x00000000d6000000,0x00000000d6180000)
 ParOldGen       total 110080K, used 81404K [0x0000000080000000, 0x0000000086b80000, 0x00000000d5580000)
  object space 110080K, 73% used [0x0000000080000000,0x0000000084f7f2e0,0x0000000086b80000)
 Metaspace       used 84522K, committed 86208K, reserved 1179648K
  class space    used 9002K, committed 9728K, reserved 1048576K
}
Event: 646.934 GC heap before
{Heap before GC invocations=127 (full 4):
 PSYoungGen      total 11776K, used 11456K [0x00000000d5580000, 0x00000000d6300000, 0x0000000100000000)
  eden space 10240K, 100% used [0x00000000d5580000,0x00000000d5f80000,0x00000000d5f80000)
  from space 1536K, 79% used [0x00000000d6180000,0x00000000d62b0000,0x00000000d6300000)
  to   space 1536K, 0% used [0x00000000d6000000,0x00000000d6000000,0x00000000d6180000)
 ParOldGen       total 110080K, used 81404K [0x0000000080000000, 0x0000000086b80000, 0x00000000d5580000)
  object space 110080K, 73% used [0x0000000080000000,0x0000000084f7f2e0,0x0000000086b80000)
 Metaspace       used 84542K, committed 86208K, reserved 1179648K
  class space    used 9002K, committed 9728K, reserved 1048576K
}
Event: 646.935 GC heap after
{Heap after GC invocations=127 (full 4):
 PSYoungGen      total 11264K, used 576K [0x00000000d5580000, 0x00000000d6200000, 0x0000000100000000)
  eden space 10240K, 0% used [0x00000000d5580000,0x00000000d5580000,0x00000000d5f80000)
  from space 1024K, 56% used [0x00000000d6000000,0x00000000d6090000,0x00000000d6100000)
  to   space 1024K, 0% used [0x00000000d6100000,0x00000000d6100000,0x00000000d6200000)
 ParOldGen       total 110080K, used 82507K [0x0000000080000000, 0x0000000086b80000, 0x00000000d5580000)
  object space 110080K, 74% used [0x0000000080000000,0x0000000085092e90,0x0000000086b80000)
 Metaspace       used 84542K, committed 86208K, reserved 1179648K
  class space    used 9002K, committed 9728K, reserved 1048576K
}
Event: 647.616 GC heap before
{Heap before GC invocations=128 (full 4):
 PSYoungGen      total 11264K, used 10816K [0x00000000d5580000, 0x00000000d6200000, 0x0000000100000000)
  eden space 10240K, 100% used [0x00000000d5580000,0x00000000d5f80000,0x00000000d5f80000)
  from space 1024K, 56% used [0x00000000d6000000,0x00000000d6090000,0x00000000d6100000)
  to   space 1024K, 0% used [0x00000000d6100000,0x00000000d6100000,0x00000000d6200000)
 ParOldGen       total 110080K, used 82507K [0x0000000080000000, 0x0000000086b80000, 0x00000000d5580000)
  object space 110080K, 74% used [0x0000000080000000,0x0000000085092e90,0x0000000086b80000)
 Metaspace       used 84587K, committed 86272K, reserved 1179648K
  class space    used 9002K, committed 9728K, reserved 1048576K
}
Event: 647.617 GC heap after
{Heap after GC invocations=128 (full 4):
 PSYoungGen      total 11264K, used 1024K [0x00000000d5580000, 0x00000000d6280000, 0x0000000100000000)
  eden space 10240K, 0% used [0x00000000d5580000,0x00000000d5580000,0x00000000d5f80000)
  from space 1024K, 100% used [0x00000000d6100000,0x00000000d6200000,0x00000000d6200000)
  to   space 1536K, 0% used [0x00000000d5f80000,0x00000000d5f80000,0x00000000d6100000)
 ParOldGen       total 110080K, used 82531K [0x0000000080000000, 0x0000000086b80000, 0x00000000d5580000)
  object space 110080K, 74% used [0x0000000080000000,0x0000000085098e90,0x0000000086b80000)
 Metaspace       used 84587K, committed 86272K, reserved 1179648K
  class space    used 9002K, committed 9728K, reserved 1048576K
}
Event: 648.240 GC heap before
{Heap before GC invocations=129 (full 4):
 PSYoungGen      total 11264K, used 11264K [0x00000000d5580000, 0x00000000d6280000, 0x0000000100000000)
  eden space 10240K, 100% used [0x00000000d5580000,0x00000000d5f80000,0x00000000d5f80000)
  from space 1024K, 100% used [0x00000000d6100000,0x00000000d6200000,0x00000000d6200000)
  to   space 1536K, 0% used [0x00000000d5f80000,0x00000000d5f80000,0x00000000d6100000)
 ParOldGen       total 110080K, used 82531K [0x0000000080000000, 0x0000000086b80000, 0x00000000d5580000)
  object space 110080K, 74% used [0x0000000080000000,0x0000000085098e90,0x0000000086b80000)
 Metaspace       used 84615K, committed 86272K, reserved 1179648K
  class space    used 9002K, committed 9728K, reserved 1048576K
}
Event: 648.243 GC heap after
{Heap after GC invocations=129 (full 4):
 PSYoungGen      total 11776K, used 1520K [0x00000000d5580000, 0x00000000d6380000, 0x0000000100000000)
  eden space 10240K, 0% used [0x00000000d5580000,0x00000000d5580000,0x00000000d5f80000)
  from space 1536K, 98% used [0x00000000d5f80000,0x00000000d60fc010,0x00000000d6100000)
  to   space 2048K, 0% used [0x00000000d6180000,0x00000000d6180000,0x00000000d6380000)
 ParOldGen       total 110080K, used 82595K [0x0000000080000000, 0x0000000086b80000, 0x00000000d5580000)
  object space 110080K, 75% used [0x0000000080000000,0x00000000850a8e90,0x0000000086b80000)
 Metaspace       used 84615K, committed 86272K, reserved 1179648K
  class space    used 9002K, committed 9728K, reserved 1048576K
}
Event: 648.733 GC heap before
{Heap before GC invocations=130 (full 4):
 PSYoungGen      total 11776K, used 11760K [0x00000000d5580000, 0x00000000d6380000, 0x0000000100000000)
  eden space 10240K, 100% used [0x00000000d5580000,0x00000000d5f80000,0x00000000d5f80000)
  from space 1536K, 98% used [0x00000000d5f80000,0x00000000d60fc010,0x00000000d6100000)
  to   space 2048K, 0% used [0x00000000d6180000,0x00000000d6180000,0x00000000d6380000)
 ParOldGen       total 110080K, used 82595K [0x0000000080000000, 0x0000000086b80000, 0x00000000d5580000)
  object space 110080K, 75% used [0x0000000080000000,0x00000000850a8e90,0x0000000086b80000)
 Metaspace       used 84629K, committed 86272K, reserved 1179648K
  class space    used 9002K, committed 9728K, reserved 1048576K
}
Event: 648.734 GC heap after
{Heap after GC invocations=130 (full 4):
 PSYoungGen      total 11776K, used 1360K [0x00000000d5580000, 0x00000000d6300000, 0x0000000100000000)
  eden space 10240K, 0% used [0x00000000d5580000,0x00000000d5580000,0x00000000d5f80000)
  from space 1536K, 88% used [0x00000000d6180000,0x00000000d62d4010,0x00000000d6300000)
  to   space 1536K, 0% used [0x00000000d5f80000,0x00000000d5f80000,0x00000000d6100000)
 ParOldGen       total 110080K, used 83041K [0x0000000080000000, 0x0000000086b80000, 0x00000000d5580000)
  object space 110080K, 75% used [0x0000000080000000,0x0000000085118778,0x0000000086b80000)
 Metaspace       used 84629K, committed 86272K, reserved 1179648K
  class space    used 9002K, committed 9728K, reserved 1048576K
}
Event: 649.903 GC heap before
{Heap before GC invocations=131 (full 4):
 PSYoungGen      total 11776K, used 11600K [0x00000000d5580000, 0x00000000d6300000, 0x0000000100000000)
  eden space 10240K, 100% used [0x00000000d5580000,0x00000000d5f80000,0x00000000d5f80000)
  from space 1536K, 88% used [0x00000000d6180000,0x00000000d62d4010,0x00000000d6300000)
  to   space 1536K, 0% used [0x00000000d5f80000,0x00000000d5f80000,0x00000000d6100000)
 ParOldGen       total 110080K, used 83041K [0x0000000080000000, 0x0000000086b80000, 0x00000000d5580000)
  object space 110080K, 75% used [0x0000000080000000,0x0000000085118778,0x0000000086b80000)
 Metaspace       used 84652K, committed 86336K, reserved 1179648K
  class space    used 9002K, committed 9728K, reserved 1048576K
}
Event: 649.906 GC heap after
{Heap after GC invocations=131 (full 4):
 PSYoungGen      total 11776K, used 1518K [0x00000000d5580000, 0x00000000d6880000, 0x0000000100000000)
  eden space 10240K, 0% used [0x00000000d5580000,0x00000000d5580000,0x00000000d5f80000)
  from space 1536K, 98% used [0x00000000d5f80000,0x00000000d60fbbe0,0x00000000d6100000)
  to   space 4608K, 0% used [0x00000000d6400000,0x00000000d6400000,0x00000000d6880000)
 ParOldGen       total 110080K, used 85622K [0x0000000080000000, 0x0000000086b80000, 0x00000000d5580000)
  object space 110080K, 77% used [0x0000000080000000,0x000000008539da98,0x0000000086b80000)
 Metaspace       used 84652K, committed 86336K, reserved 1179648K
  class space    used 9002K, committed 9728K, reserved 1048576K
}
Event: 649.983 GC heap before
{Heap before GC invocations=132 (full 4):
 PSYoungGen      total 11776K, used 11758K [0x00000000d5580000, 0x00000000d6880000, 0x0000000100000000)
  eden space 10240K, 100% used [0x00000000d5580000,0x00000000d5f80000,0x00000000d5f80000)
  from space 1536K, 98% used [0x00000000d5f80000,0x00000000d60fbbe0,0x00000000d6100000)
  to   space 4608K, 0% used [0x00000000d6400000,0x00000000d6400000,0x00000000d6880000)
 ParOldGen       total 110080K, used 85622K [0x0000000080000000, 0x0000000086b80000, 0x00000000d5580000)
  object space 110080K, 77% used [0x0000000080000000,0x000000008539da98,0x0000000086b80000)
 Metaspace       used 84657K, committed 86336K, reserved 1179648K
  class space    used 9002K, committed 9728K, reserved 1048576K
}
Event: 649.985 GC heap after
{Heap after GC invocations=132 (full 4):
 PSYoungGen      total 10752K, used 466K [0x00000000d5580000, 0x00000000d6480000, 0x0000000100000000)
  eden space 10240K, 0% used [0x00000000d5580000,0x00000000d5580000,0x00000000d5f80000)
  from space 512K, 91% used [0x00000000d6400000,0x00000000d6474b70,0x00000000d6480000)
  to   space 2048K, 0% used [0x00000000d6080000,0x00000000d6080000,0x00000000d6280000)
 ParOldGen       total 110080K, used 85662K [0x0000000080000000, 0x0000000086b80000, 0x00000000d5580000)
  object space 110080K, 77% used [0x0000000080000000,0x00000000853a7930,0x0000000086b80000)
 Metaspace       used 84657K, committed 86336K, reserved 1179648K
  class space    used 9002K, committed 9728K, reserved 1048576K
}
Event: 654.598 GC heap before
{Heap before GC invocations=133 (full 4):
 PSYoungGen      total 10752K, used 10706K [0x00000000d5580000, 0x00000000d6480000, 0x0000000100000000)
  eden space 10240K, 100% used [0x00000000d5580000,0x00000000d5f80000,0x00000000d5f80000)
  from space 512K, 91% used [0x00000000d6400000,0x00000000d6474b70,0x00000000d6480000)
  to   space 2048K, 0% used [0x00000000d6080000,0x00000000d6080000,0x00000000d6280000)
 ParOldGen       total 110080K, used 85662K [0x0000000080000000, 0x0000000086b80000, 0x00000000d5580000)
  object space 110080K, 77% used [0x0000000080000000,0x00000000853a7930,0x0000000086b80000)
 Metaspace       used 84686K, committed 86336K, reserved 1179648K
  class space    used 9004K, committed 9728K, reserved 1048576K
}
Event: 654.599 GC heap after
{Heap after GC invocations=133 (full 4):
 PSYoungGen      total 12288K, used 512K [0x00000000d5580000, 0x00000000d6480000, 0x0000000100000000)
  eden space 10240K, 0% used [0x00000000d5580000,0x00000000d5580000,0x00000000d5f80000)
  from space 2048K, 25% used [0x00000000d6080000,0x00000000d6100060,0x00000000d6280000)
  to   space 1024K, 0% used [0x00000000d6380000,0x00000000d6380000,0x00000000d6480000)
 ParOldGen       total 110080K, used 85741K [0x0000000080000000, 0x0000000086b80000, 0x00000000d5580000)
  object space 110080K, 77% used [0x0000000080000000,0x00000000853bb7c8,0x0000000086b80000)
 Metaspace       used 84686K, committed 86336K, reserved 1179648K
  class space    used 9004K, committed 9728K, reserved 1048576K
}

